<?xml version="1.0" encoding="UTF-8"?>
<robot generator="Robot 3.1.2 (Python 3.7.4 on darwin)" generated="20210403 11:33:49.484" rpa="false">
<suite id="s1" name="Login" source="/Users/vfpereira3/workspace/AutomationPractice/scenarios/Login.robot">
<kw name="Run Keywords" library="BuiltIn" type="setup">
<doc>Executes all the given keywords in a sequence.</doc>
<arguments>
<arg>Open Website</arg>
<arg>AND</arg>
<arg>Get Json Values</arg>
</arguments>
<kw name="Open Website" library="Global">
<kw name="Open Browser" library="SeleniumLibrary">
<doc>Opens a new browser instance to the optional ``url``.</doc>
<arguments>
<arg>${PAGE_INDEX.URL}</arg>
<arg>chrome</arg>
</arguments>
<msg timestamp="20210403 11:33:49.675" level="INFO">Opening browser 'chrome' to base url 'http://automationpractice.com/index.php'.</msg>
<kw name="Capture Page Screenshot" library="SeleniumLibrary">
<doc>Takes a screenshot of the current page and embeds it into a log file.</doc>
<msg timestamp="20210403 11:33:49.690" level="INFO">Cannot capture screenshot because no browser is open.</msg>
<status status="PASS" starttime="20210403 11:33:49.689" endtime="20210403 11:33:49.690"></status>
</kw>
<msg timestamp="20210403 11:33:49.692" level="FAIL">WebDriverException: Message: 'chromedriver' executable needs to be in PATH. Please see https://sites.google.com/a/chromium.org/chromedriver/home
</msg>
<status status="FAIL" starttime="20210403 11:33:49.674" endtime="20210403 11:33:49.692"></status>
</kw>
<status status="FAIL" starttime="20210403 11:33:49.674" endtime="20210403 11:33:49.693"></status>
</kw>
<status status="FAIL" starttime="20210403 11:33:49.674" endtime="20210403 11:33:49.693"></status>
</kw>
<test id="s1-t1" name="Verify if user can create an account">
<tags>
<tag>smoke</tag>
</tags>
<status status="FAIL" starttime="20210403 11:33:49.693" endtime="20210403 11:33:49.694" critical="yes">Parent suite setup failed:
WebDriverException: Message: 'chromedriver' executable needs to be in PATH. Please see https://sites.google.com/a/chromium.org/chromedriver/home
</status>
</test>
<test id="s1-t2" name="Verify if user can login from the already created account">
<tags>
<tag>smoke</tag>
</tags>
<status status="FAIL" starttime="20210403 11:33:49.696" endtime="20210403 11:33:49.697" critical="yes">Parent suite setup failed:
WebDriverException: Message: 'chromedriver' executable needs to be in PATH. Please see https://sites.google.com/a/chromium.org/chromedriver/home
</status>
</test>
<test id="s1-t3" name="Verify if user can logout from the system with a created account">
<tags>
<tag>smoke</tag>
</tags>
<status status="FAIL" starttime="20210403 11:33:49.697" endtime="20210403 11:33:49.698" critical="yes">Parent suite setup failed:
WebDriverException: Message: 'chromedriver' executable needs to be in PATH. Please see https://sites.google.com/a/chromium.org/chromedriver/home
</status>
</test>
<test id="s1-t4" name="Verify if user can get the password back">
<tags>
<tag>smoke</tag>
</tags>
<status status="FAIL" starttime="20210403 11:33:49.698" endtime="20210403 11:33:49.699" critical="yes">Parent suite setup failed:
WebDriverException: Message: 'chromedriver' executable needs to be in PATH. Please see https://sites.google.com/a/chromium.org/chromedriver/home
</status>
</test>
<kw name="Close Website" library="Global" type="teardown">
<kw name="Close All Browsers" library="SeleniumLibrary">
<doc>Closes all open browsers and resets the browser cache.</doc>
<status status="PASS" starttime="20210403 11:33:49.700" endtime="20210403 11:33:49.700"></status>
</kw>
<status status="PASS" starttime="20210403 11:33:49.699" endtime="20210403 11:33:49.700"></status>
</kw>
<doc>This file is related to validate the login and logout from a user to the website.</doc>
<status status="FAIL" starttime="20210403 11:33:49.487" endtime="20210403 11:33:49.700">Suite setup failed:
WebDriverException: Message: 'chromedriver' executable needs to be in PATH. Please see https://sites.google.com/a/chromium.org/chromedriver/home
</status>
</suite>
<statistics>
<total>
<stat pass="0" fail="4">Critical Tests</stat>
<stat pass="0" fail="4">All Tests</stat>
</total>
<tag>
<stat pass="0" fail="4">smoke</stat>
</tag>
<suite>
<stat pass="0" fail="4" id="s1" name="Login">Login</stat>
</suite>
</statistics>
<errors>
</errors>
</robot>
